10-01-2020 @ 08:13:05 - Manually disconnected
10-01-2020 @ 08:14:25 - Request
Request
method:
uri: listLocationsWithHttpInfo
user-agent: WooCommerce-Square/2.2.2 (WooCommerce/4.5.2; WordPress/5.5.1)
headers: Array
(
)
body:
duration: 1.40537s

10-01-2020 @ 08:14:25 - Response
Response
code: 200
message:
headers: Array
(
    [0] => HTTP/2 200
    [content-type] => application/json
    [square-version] => 2019-08-14
    [vary] => Origin, Accept-Encoding
    [x-content-type-options] => nosniff
    [x-download-options] => noopen
    [x-frame-options] => SAMEORIGIN
    [x-permitted-cross-domain-policies] => none
    [x-xss-protection] => 1; mode=block
    [date] => Thu, 01 Oct 2020 08:18:39 GMT
    [content-length] => 513
    [strict-transport-security] => max-age=631152000; includeSubDomains; preload
)
body: {
    "locations": [
        {
            "id": "LMVNBRKFCJ2CZ",
            "name": "Default Test Account",
            "address": {
                "address_line_1": "1600 Pennsylvania Ave NW",
                "locality": "Washington",
                "administrative_district_level_1": "DC",
                "postal_code": "20500",
                "country": "US"
            },
            "timezone": "UTC",
            "capabilities": [
                "CREDIT_CARD_PROCESSING"
            ],
            "status": "ACTIVE",
            "created_at": "2020-10-01T07:35:31Z",
            "merchant_id": "MLB2F0856F7P3",
            "country": "US",
            "language_code": "en-US",
            "currency": "USD",
            "business_name": "Default Test Account",
            "type": "PHYSICAL",
            "business_hours": {}
        }
    ]
}

10-01-2020 @ 08:39:54 - Request
Request
method:
uri: listLocationsWithHttpInfo
user-agent: WooCommerce-Square/2.2.2 (WooCommerce/4.5.2; WordPress/5.5.1)
headers: Array
(
)
body:
duration: 2.27224s

10-01-2020 @ 08:39:54 - Response
Response
code: 200
message:
headers: Array
(
    [0] => HTTP/2 200
    [content-type] => application/json
    [square-version] => 2019-08-14
    [vary] => Origin, Accept-Encoding
    [x-content-type-options] => nosniff
    [x-download-options] => noopen
    [x-frame-options] => SAMEORIGIN
    [x-permitted-cross-domain-policies] => none
    [x-xss-protection] => 1; mode=block
    [date] => Thu, 01 Oct 2020 08:44:07 GMT
    [content-length] => 513
    [strict-transport-security] => max-age=631152000; includeSubDomains; preload
)
body: {
    "locations": [
        {
            "id": "LMVNBRKFCJ2CZ",
            "name": "Default Test Account",
            "address": {
                "address_line_1": "1600 Pennsylvania Ave NW",
                "locality": "Washington",
                "administrative_district_level_1": "DC",
                "postal_code": "20500",
                "country": "US"
            },
            "timezone": "UTC",
            "capabilities": [
                "CREDIT_CARD_PROCESSING"
            ],
            "status": "ACTIVE",
            "created_at": "2020-10-01T07:35:31Z",
            "merchant_id": "MLB2F0856F7P3",
            "country": "US",
            "language_code": "en-US",
            "currency": "USD",
            "business_name": "Default Test Account",
            "type": "PHYSICAL",
            "business_hours": {}
        }
    ]
}

10-01-2020 @ 08:40:31 - Request
Request
method:
uri: listLocationsWithHttpInfo
user-agent: WooCommerce-Square/2.2.2 (WooCommerce/4.5.2; WordPress/5.5.1)
headers: Array
(
)
body:
duration: 2.29763s

10-01-2020 @ 08:40:31 - Response
Response
code: 200
message:
headers: Array
(
    [0] => HTTP/2 200
    [content-type] => application/json
    [square-version] => 2019-08-14
    [vary] => Origin, Accept-Encoding
    [x-content-type-options] => nosniff
    [x-download-options] => noopen
    [x-frame-options] => SAMEORIGIN
    [x-permitted-cross-domain-policies] => none
    [x-xss-protection] => 1; mode=block
    [date] => Thu, 01 Oct 2020 08:44:44 GMT
    [content-length] => 513
    [strict-transport-security] => max-age=631152000; includeSubDomains; preload
)
body: {
    "locations": [
        {
            "id": "LMVNBRKFCJ2CZ",
            "name": "Default Test Account",
            "address": {
                "address_line_1": "1600 Pennsylvania Ave NW",
                "locality": "Washington",
                "administrative_district_level_1": "DC",
                "postal_code": "20500",
                "country": "US"
            },
            "timezone": "UTC",
            "capabilities": [
                "CREDIT_CARD_PROCESSING"
            ],
            "status": "ACTIVE",
            "created_at": "2020-10-01T07:35:31Z",
            "merchant_id": "MLB2F0856F7P3",
            "country": "US",
            "language_code": "en-US",
            "currency": "USD",
            "business_name": "Default Test Account",
            "type": "PHYSICAL",
            "business_hours": {}
        }
    ]
}

10-01-2020 @ 10:08:41 - Request
Request
method:
uri: listLocationsWithHttpInfo
user-agent: WooCommerce-Square/2.2.2 (WooCommerce/4.5.2; WordPress/5.5.1)
headers: Array
(
)
body:
duration: 1.38319s

10-01-2020 @ 10:08:41 - Response
Response
code: 200
message:
headers: Array
(
    [0] => HTTP/2 200
    [content-type] => application/json
    [square-version] => 2019-08-14
    [vary] => Origin, Accept-Encoding
    [x-content-type-options] => nosniff
    [x-download-options] => noopen
    [x-frame-options] => SAMEORIGIN
    [x-permitted-cross-domain-policies] => none
    [x-xss-protection] => 1; mode=block
    [date] => Thu, 01 Oct 2020 10:12:55 GMT
    [content-length] => 513
    [strict-transport-security] => max-age=631152000; includeSubDomains; preload
)
body: {
    "locations": [
        {
            "id": "LMVNBRKFCJ2CZ",
            "name": "Default Test Account",
            "address": {
                "address_line_1": "1600 Pennsylvania Ave NW",
                "locality": "Washington",
                "administrative_district_level_1": "DC",
                "postal_code": "20500",
                "country": "US"
            },
            "timezone": "UTC",
            "capabilities": [
                "CREDIT_CARD_PROCESSING"
            ],
            "status": "ACTIVE",
            "created_at": "2020-10-01T07:35:31Z",
            "merchant_id": "MLB2F0856F7P3",
            "country": "US",
            "language_code": "en-US",
            "currency": "USD",
            "business_name": "Default Test Account",
            "type": "PHYSICAL",
            "business_hours": {}
        }
    ]
}

10-01-2020 @ 10:09:55 - Request
Request
method:
uri: listLocationsWithHttpInfo
user-agent: WooCommerce-Square/2.2.2 (WooCommerce/4.5.2; WordPress/5.5.1)
headers: Array
(
)
body:
duration: 1.66697s

10-01-2020 @ 10:09:55 - Response
Response
code: 200
message:
headers: Array
(
    [0] => HTTP/2 200
    [content-type] => application/json
    [square-version] => 2019-08-14
    [vary] => Origin, Accept-Encoding
    [x-content-type-options] => nosniff
    [x-download-options] => noopen
    [x-frame-options] => SAMEORIGIN
    [x-permitted-cross-domain-policies] => none
    [x-xss-protection] => 1; mode=block
    [date] => Thu, 01 Oct 2020 10:14:09 GMT
    [content-length] => 513
    [strict-transport-security] => max-age=631152000; includeSubDomains; preload
)
body: {
    "locations": [
        {
            "id": "LMVNBRKFCJ2CZ",
            "name": "Default Test Account",
            "address": {
                "address_line_1": "1600 Pennsylvania Ave NW",
                "locality": "Washington",
                "administrative_district_level_1": "DC",
                "postal_code": "20500",
                "country": "US"
            },
            "timezone": "UTC",
            "capabilities": [
                "CREDIT_CARD_PROCESSING"
            ],
            "status": "ACTIVE",
            "created_at": "2020-10-01T07:35:31Z",
            "merchant_id": "MLB2F0856F7P3",
            "country": "US",
            "language_code": "en-US",
            "currency": "USD",
            "business_name": "Default Test Account",
            "type": "PHYSICAL",
            "business_hours": {}
        }
    ]
}

10-01-2020 @ 10:10:08 - Request
Request
method:
uri: listLocationsWithHttpInfo
user-agent: WooCommerce-Square/2.2.2 (WooCommerce/4.5.2; WordPress/5.5.1)
headers: Array
(
)
body:
duration: 1.55662s

10-01-2020 @ 10:10:08 - Response
Response
code: 200
message:
headers: Array
(
    [0] => HTTP/2 200
    [content-type] => application/json
    [square-version] => 2019-08-14
    [vary] => Origin, Accept-Encoding
    [x-content-type-options] => nosniff
    [x-download-options] => noopen
    [x-frame-options] => SAMEORIGIN
    [x-permitted-cross-domain-policies] => none
    [x-xss-protection] => 1; mode=block
    [date] => Thu, 01 Oct 2020 10:14:22 GMT
    [content-length] => 513
    [strict-transport-security] => max-age=631152000; includeSubDomains; preload
)
body: {
    "locations": [
        {
            "id": "LMVNBRKFCJ2CZ",
            "name": "Default Test Account",
            "address": {
                "address_line_1": "1600 Pennsylvania Ave NW",
                "locality": "Washington",
                "administrative_district_level_1": "DC",
                "postal_code": "20500",
                "country": "US"
            },
            "timezone": "UTC",
            "capabilities": [
                "CREDIT_CARD_PROCESSING"
            ],
            "status": "ACTIVE",
            "created_at": "2020-10-01T07:35:31Z",
            "merchant_id": "MLB2F0856F7P3",
            "country": "US",
            "language_code": "en-US",
            "currency": "USD",
            "business_name": "Default Test Account",
            "type": "PHYSICAL",
            "business_hours": {}
        }
    ]
}

10-01-2020 @ 10:44:59 - Request
Request
method:
uri: listLocationsWithHttpInfo
user-agent: WooCommerce-Square/2.2.2 (WooCommerce/4.5.2; WordPress/5.5.1)
headers: Array
(
)
body:
duration: 1.18624s

10-01-2020 @ 10:44:59 - Response
Response
code: 200
message:
headers: Array
(
    [0] => HTTP/2 200
    [content-type] => application/json
    [square-version] => 2019-08-14
    [vary] => Origin, Accept-Encoding
    [x-content-type-options] => nosniff
    [x-download-options] => noopen
    [x-frame-options] => SAMEORIGIN
    [x-permitted-cross-domain-policies] => none
    [x-xss-protection] => 1; mode=block
    [date] => Thu, 01 Oct 2020 10:49:13 GMT
    [content-length] => 513
    [strict-transport-security] => max-age=631152000; includeSubDomains; preload
)
body: {
    "locations": [
        {
            "id": "LMVNBRKFCJ2CZ",
            "name": "Default Test Account",
            "address": {
                "address_line_1": "1600 Pennsylvania Ave NW",
                "locality": "Washington",
                "administrative_district_level_1": "DC",
                "postal_code": "20500",
                "country": "US"
            },
            "timezone": "UTC",
            "capabilities": [
                "CREDIT_CARD_PROCESSING"
            ],
            "status": "ACTIVE",
            "created_at": "2020-10-01T07:35:31Z",
            "merchant_id": "MLB2F0856F7P3",
            "country": "US",
            "language_code": "en-US",
            "currency": "USD",
            "business_name": "Default Test Account",
            "type": "PHYSICAL",
            "business_hours": {}
        }
    ]
}

10-01-2020 @ 10:45:07 - Request
Request
method:
uri: listLocationsWithHttpInfo
user-agent: WooCommerce-Square/2.2.2 (WooCommerce/4.5.2; WordPress/5.5.1)
headers: Array
(
)
body:
duration: 1.78943s

10-01-2020 @ 10:45:07 - Response
Response
code: 200
message:
headers: Array
(
    [0] => HTTP/2 200
    [content-type] => application/json
    [square-version] => 2019-08-14
    [vary] => Origin, Accept-Encoding
    [x-content-type-options] => nosniff
    [x-download-options] => noopen
    [x-frame-options] => SAMEORIGIN
    [x-permitted-cross-domain-policies] => none
    [x-xss-protection] => 1; mode=block
    [date] => Thu, 01 Oct 2020 10:49:21 GMT
    [content-length] => 513
    [strict-transport-security] => max-age=631152000; includeSubDomains; preload
)
body: {
    "locations": [
        {
            "id": "LMVNBRKFCJ2CZ",
            "name": "Default Test Account",
            "address": {
                "address_line_1": "1600 Pennsylvania Ave NW",
                "locality": "Washington",
                "administrative_district_level_1": "DC",
                "postal_code": "20500",
                "country": "US"
            },
            "timezone": "UTC",
            "capabilities": [
                "CREDIT_CARD_PROCESSING"
            ],
            "status": "ACTIVE",
            "created_at": "2020-10-01T07:35:31Z",
            "merchant_id": "MLB2F0856F7P3",
            "country": "US",
            "language_code": "en-US",
            "currency": "USD",
            "business_name": "Default Test Account",
            "type": "PHYSICAL",
            "business_hours": {}
        }
    ]
}

